<?xml version="1.0" encoding="UTF-8"?>
<!-- Generated by org.testng.reporters.JUnitReportReporter -->
<testsuite hostname="DESKTOP-09HVLOU" failures="0" tests="1" name="Newtest_testcases.Login_Test" time="10.597" errors="0" timestamp="2023-07-17T15:34:30 BDT" skipped="0">
  <testcase classname="Newtest_testcases.Login_Test" name="loginTest" time="10.597"/>
</testsuite> <!-- Newtest_testcases.Login_Test -->
