<?xml version="1.0" encoding="UTF-8"?>
<!-- Generated by org.testng.reporters.JUnitReportReporter -->
<testsuite hostname="DESKTOP-SD9J1CQ" failures="0" tests="1" name="Newtest_testcases.DashBoardTest" time="6.094" errors="0" timestamp="2023-06-29T17:02:34 BDT" skipped="0">
  <testcase classname="Newtest_testcases.DashBoardTest" name="dashBoardTest" time="6.094"/>
</testsuite> <!-- Newtest_testcases.DashBoardTest -->
